        -:    0:Source:/mnt/c/cygwin64/home/chri/Uni/MS2/Simulation/sph-fluid-solver/src/kernel.cpp
        -:    0:Graph:/mnt/c/cygwin64/home/chri/Uni/MS2/Simulation/sph-fluid-solver/cmake-build-debug-coverage/CMakeFiles/kernel.dir/src/kernel.cpp.gcno
        -:    0:Data:/mnt/c/cygwin64/home/chri/Uni/MS2/Simulation/sph-fluid-solver/cmake-build-debug-coverage/CMakeFiles/kernel.dir/src/kernel.cpp.gcda
        -:    0:Runs:1
        -:    1:#include "kernel.hpp"
        -:    2:#include <cmath>
        -:    3:#include <iomanip>
        -:    4:#include <iostream>
        -:    5:#include <limits>
        -:    6:#include <numbers>
        -:    7:#include <string_view>
        -:    8:#include "structures.hpp"
        -:    9:#define _USE_MATH_DEFINES
        -:   10:#include <math.h>
        -:   11:#include <algorithm>
        -:   12:
        -:   13:double correctionConst = 0.999139; 
        -:   14:
        -:   15:namespace kernel {
        -:   16:    using namespace structures;
        -:   17:
function _ZN6kernel6KernelC2EN10structures6configE called 1 returned 100% blocks executed 55%
        1:   18:    Kernel::Kernel(config conf) {
        1:   18-block  0
call    0 returned 1
call    1 returned 1
call    2 returned 1
        1:   19:        this->conf = conf;
call    0 returned 1
branch  1 taken 1 (fallthrough)
branch  2 taken 0 (throw)
        1:   20:    }
        1:   20-block  0
    $$$$$:   20-block  1
call    0 never executed
    $$$$$:   20-block  2
call    1 never executed
    $$$$$:   20-block  3
call    2 never executed
        -:   21:
function _ZN6kernel6Kernel10updateConfEN10structures6configE called 0 returned 0% blocks executed 0%
    #####:   22:    void Kernel::updateConf(config conf) {
    #####:   23:        this->conf = conf;
    %%%%%:   23-block  0
call    0 never executed
    #####:   24:    }
        -:   25:
function _ZN6kernel6Kernel10initializeEPN10structures8particleE called 1 returned 100% blocks executed 100%
        1:   26:    void Kernel::initialize(particle* particles) {
        1:   27:        this->particles = particles;
        1:   28:        this->grid.resize(conf.particleCount);
        1:   28-block  0
call    0 returned 1
        1:   29:        double gridSize = (conf.h * conf.kernelSupport);
        1:   30:        int yMultiplier = (double(conf.area[0]) / gridSize + 1);
call    0 returned 1
        1:   31:        gridMax = yMultiplier * int(conf.area[1] / gridSize + 1);
call    0 returned 1
        1:   32:        this->gridCount.resize(gridMax + 1);
call    0 returned 1
        1:   33:    }
        -:   34:
function _ZN6kernel6Kernel22completeNeighborSearchEv called 2000 returned 100% blocks executed 100%
     2000:   35:    void Kernel::completeNeighborSearch() {
     2000:   36:        gridNeighborhoodSearch();
     2000:   36-block  0
call    0 returned 2000
     2000:   37:    }
        -:   38:
function _ZN6kernel6Kernel22cellNeighborhoodSearchEiiii called 5400000 returned 100% blocks executed 94%
  5400000:   39:    void Kernel::cellNeighborhoodSearch(int i, int gridX, int gridY, int yMultiplier) {
  5400000:   40:        double gridSize = (conf.h * conf.kernelSupport);
  5400000:   41:        int gridId = gridY * yMultiplier + gridX;
 5400000*:   42:        if (gridId >= gridMax || gridId < 0) return;
  5400000:   42-block  0
branch  0 taken 5400000 (fallthrough)
branch  1 taken 0
  5400000:   42-block  1
branch  2 taken 0 (fallthrough)
branch  3 taken 5400000
    %%%%%:   42-block  2
 25904012:   43:        for (int k = gridCount[gridId]; k < gridCount[gridId + 1]; k++) {
  5400000:   43-block  0
call    0 returned 5400000
 20504012:   43-block  1
 25904012:   43-block  2
call    1 returned 25904012
branch  2 taken 20504012
branch  3 taken 5400000 (fallthrough)
 20504012:   44:            int j = grid[k];
 20504012:   44-block  0
call    0 returned 20504012
 20504012:   45:            double distX = (particles[i].pos[0] - particles[j].pos[0]);
call    0 returned 20504012
call    1 returned 20504012
 20504012:   46:            double distY = (particles[i].pos[1] - particles[j].pos[1]);
call    0 returned 20504012
call    1 returned 20504012
 20504012:   47:            if (distX * distX + distY * distY < conf.kernelSupport * conf.h * conf.kernelSupport * conf.h) {
branch  0 taken 7588268 (fallthrough)
branch  1 taken 12915744
  7588268:   48:                particles[i].neighbors.push_back(j);
  7588268:   48-block  0
call    0 returned 7588268
branch  1 taken 7588268 (fallthrough)
branch  2 taken 0 (throw)
        -:   49:            }
        -:   50:        }
        -:   51:    }
        -:   52:
function _ZN6kernel6Kernel22gridNeighborhoodSearchEv called 2000 returned 100% blocks executed 98%
     2000:   53:    void Kernel::gridNeighborhoodSearch() {
     2000:   54:        double gridSize = (conf.h * conf.kernelSupport);
     2000:   55:        int yMultiplier = (double(conf.area[0]) / gridSize + 1);
     2000:   55-block  0
call    0 returned 2000
   796000:   56:        for(int i = 0; i <= gridMax; i++) {
   796000:   56-block  0
branch  0 taken 794000
branch  1 taken 2000 (fallthrough)
   794000:   57:            gridCount[i] = 0;
   794000:   57-block  0
call    0 returned 794000
        -:   58:        }
  1074000:   59:        for (int i = 0; i < conf.particleCount; i++) {
     2000:   59-block  0
  1074000:   59-block  1
branch  0 taken 1072000
branch  1 taken 2000 (fallthrough)
  1072000:   60:            particles[i].neighbors.clear();
  1072000:   60-block  0
call    0 returned 1072000
  1072000:   61:            int gridX = int(particles[i].pos[0] / gridSize);
call    0 returned 1072000
  1072000:   62:            int gridY = int(particles[i].pos[1] / gridSize);
call    0 returned 1072000
  1072000:   63:            int gridId = gridY * yMultiplier + gridX;
 1072000*:   64:            if (gridId >= gridMax) std::cout << "Fail\n";
branch  0 taken 0 (fallthrough)
branch  1 taken 1072000
    %%%%%:   64-block  0
call    2 never executed
  1072000:   65:            gridCount[gridId]++;
  1072000:   65-block  0
call    0 returned 1072000
        -:   66:        }
   794000:   67:        for (int i = 1; i < gridMax + 1; i++) {
     2000:   67-block  0
   794000:   67-block  1
branch  0 taken 792000
branch  1 taken 2000 (fallthrough)
   792000:   68:            gridCount[i] = gridCount[i] + gridCount[i-1]; 
   792000:   68-block  0
call    0 returned 792000
call    1 returned 792000
call    2 returned 792000
        -:   69:        }
  1074000:   70:        for (int i = 0; i < conf.particleCount; i++) {
     2000:   70-block  0
  1074000:   70-block  1
branch  0 taken 1072000
branch  1 taken 2000 (fallthrough)
  1072000:   71:            int gridX = int(particles[i].pos[0] / gridSize);
  1072000:   71-block  0
call    0 returned 1072000
  1072000:   72:            int gridY = int(particles[i].pos[1] / gridSize);
call    0 returned 1072000
  1072000:   73:            int gridId = gridY * yMultiplier + gridX;
  1072000:   74:            grid[--gridCount[gridId]] = i;
call    0 returned 1072000
call    1 returned 1072000
        -:   75:        }
   602000:   76:        for (int i = 0; i < conf.activeParticles; i++) {
     2000:   76-block  0
   602000:   76-block  1
branch  0 taken 600000
branch  1 taken 2000 (fallthrough)
   600000:   77:            int gridX = int(particles[i].pos[0] / gridSize);
   600000:   77-block  0
call    0 returned 600000
   600000:   78:            int gridY = int(particles[i].pos[1] / gridSize);
call    0 returned 600000
   600000:   79:            cellNeighborhoodSearch(i, gridX - 1, gridY - 1, yMultiplier);
call    0 returned 600000
   600000:   80:            cellNeighborhoodSearch(i, gridX - 1, gridY, yMultiplier);
call    0 returned 600000
   600000:   81:            cellNeighborhoodSearch(i, gridX - 1, gridY + 1, yMultiplier);
call    0 returned 600000
   600000:   82:            cellNeighborhoodSearch(i, gridX, gridY - 1, yMultiplier);
call    0 returned 600000
   600000:   83:            cellNeighborhoodSearch(i, gridX, gridY, yMultiplier);
call    0 returned 600000
   600000:   84:            cellNeighborhoodSearch(i, gridX, gridY + 1, yMultiplier);
call    0 returned 600000
   600000:   85:            cellNeighborhoodSearch(i, gridX + 1, gridY - 1, yMultiplier);
call    0 returned 600000
   600000:   86:            cellNeighborhoodSearch(i, gridX + 1, gridY, yMultiplier);
call    0 returned 600000
   600000:   87:            cellNeighborhoodSearch(i, gridX + 1, gridY + 1, yMultiplier);
call    0 returned 600000
        -:   88:        }
     2000:   89:    }
        -:   90:
function _ZN6kernel6Kernel23quadraticNeighborSearchEv called 0 returned 0% blocks executed 0%
    #####:   91:    void Kernel::quadraticNeighborSearch() {
    #####:   92:        for (int i = 0; i < conf.activeParticles; i++) {
    %%%%%:   92-block  0
    %%%%%:   92-block  1
branch  0 never executed
branch  1 never executed (fallthrough)
    #####:   93:            particles[i].neighbors.clear();
    %%%%%:   93-block  0
call    0 never executed
        -:   94:        }
    #####:   95:        for (int i = 0; i < conf.activeParticles; i++) {
    %%%%%:   95-block  0
    %%%%%:   95-block  1
    %%%%%:   95-block  2
branch  0 never executed
branch  1 never executed (fallthrough)
    #####:   96:            particles[i].neighbors.push_back(i);
    %%%%%:   96-block  0
call    0 never executed
branch  1 never executed (fallthrough)
branch  2 never executed (throw)
    #####:   97:            for (int j = i + 1; j < conf.particleCount; j++) {
    %%%%%:   97-block  0
    %%%%%:   97-block  1
    %%%%%:   97-block  2
branch  0 never executed
branch  1 never executed (fallthrough)
    #####:   98:                double distX = (particles[i].pos[0] - particles[j].pos[0]);
    %%%%%:   98-block  0
call    0 never executed
call    1 never executed
    #####:   99:                double distY = (particles[i].pos[1] - particles[j].pos[1]);
call    0 never executed
call    1 never executed
    #####:  100:                if (distX * distX + distY * distY < conf.kernelSupport * conf.h * conf.kernelSupport * conf.h) {
branch  0 never executed (fallthrough)
branch  1 never executed
    #####:  101:                    particles[i].neighbors.push_back(j);
    %%%%%:  101-block  0
call    0 never executed
branch  1 never executed (fallthrough)
branch  2 never executed (throw)
    #####:  102:                    particles[j].neighbors.push_back(i);
    %%%%%:  102-block  0
call    0 never executed
branch  1 never executed (fallthrough)
branch  2 never executed (throw)
        -:  103:                }
        -:  104:            }
        -:  105:        }
        -:  106:        /*
        -:  107:        for (int i = 0; i < conf.activeParticles; i++) {
        -:  108:            std::cout << i << ": " << particles[i].neighbors.size() << "\n";
        -:  109:        }
        -:  110:            */
    #####:  111:    }
    %%%%%:  111-block  0
        -:  112:
function _ZN6kernel6Kernel22specificNeighborSearchESt6vectorIdSaIdEE called 0 returned 0% blocks executed 0%
    #####:  113:    std::vector<int> Kernel::specificNeighborSearch(std::vector<double> pos) {
    #####:  114:        std::vector<int> neighbors;
    %%%%%:  114-block  0
call    0 never executed
    #####:  115:        for (int i = 0; i < conf.particleCount; i++) {
    %%%%%:  115-block  0
    %%%%%:  115-block  1
branch  0 never executed
branch  1 never executed (fallthrough)
    #####:  116:            double dist2 = getSquaredDistance(particles[i].pos, pos, conf.dim);
    %%%%%:  116-block  0
call    0 never executed
branch  1 never executed (fallthrough)
branch  2 never executed (throw)
    %%%%%:  116-block  1
call    3 never executed
branch  4 never executed (fallthrough)
branch  5 never executed (throw)
    %%%%%:  116-block  2
call    6 never executed
branch  7 never executed (fallthrough)
branch  8 never executed (throw)
    %%%%%:  116-block  3
call    9 never executed
call   10 never executed
    $$$$$:  116-block  4
call   11 never executed
    $$$$$:  116-block  5
    $$$$$:  116-block  6
call   12 never executed
    $$$$$:  116-block  7
    #####:  117:            if (dist2 < std::pow(conf.kernelSupport * conf.h, 2)) {
call    0 never executed
branch  1 never executed (fallthrough)
branch  2 never executed
    #####:  118:                neighbors.push_back(i);
    %%%%%:  118-block  0
call    0 never executed
branch  1 never executed (fallthrough)
branch  2 never executed (throw)
    #####:  119:                particles[i].rgb = {char(200), 0, 0};
    %%%%%:  119-block  0
call    0 never executed
branch  1 never executed (fallthrough)
branch  2 never executed (throw)
    %%%%%:  119-block  1
    $$$$$:  119-block  2
        -:  120:            } else {
    #####:  121:                particles[i].rgb = {char(200), char(200), char(200)};
    %%%%%:  121-block  0
call    0 never executed
branch  1 never executed (fallthrough)
branch  2 never executed (throw)
    %%%%%:  121-block  1
    $$$$$:  121-block  2
        -:  122:            }
        -:  123:        }
    #####:  124:        return neighbors;
    %%%%%:  124-block  0
    %%%%%:  124-block  1
    =====:  125:    }
    $$$$$:  125-block  0
call    0 never executed
        -:  126:
function _ZN6kernel6Kernel15calculateKernelEv called 2000 returned 100% blocks executed 100%
     2000:  127:    void Kernel::calculateKernel() {
     2000:  128:        double alpha = 5 / (14 * M_PI * pow(conf.h, 2));
     2000:  128-block  0
call    0 returned 2000
   602000:  129:        for (int i = 0; i < conf.activeParticles; i++) {
   600000:  129-block  0
   602000:  129-block  1
branch  0 taken 600000
branch  1 taken 2000 (fallthrough)
   600000:  130:            particles[i].kernel.resize(particles[i].neighbors.size());
   600000:  130-block  0
call    0 returned 600000
call    1 returned 600000
  8188268:  131:            for (int k = 0; k < particles[i].kernel.size(); k++) {
  8188268:  131-block  0
call    0 returned 8188268
branch  1 taken 7588268
branch  2 taken 600000 (fallthrough)
  7588268:  132:                int j = particles[i].neighbors[k];
  7588268:  132-block  0
call    0 returned 7588268
  7588268:  133:                double distX = (particles[i].pos[0] - particles[j].pos[0]) / conf.h;
call    0 returned 7588268
call    1 returned 7588268
  7588268:  134:                double distY = (particles[i].pos[1] - particles[j].pos[1]) / conf.h;
call    0 returned 7588268
call    1 returned 7588268
  7588268:  135:                double q = std::sqrt(distX * distX + distY * distY);
  7588268:  136:                double q1 = std::max(0.0, 1 - q);
call    0 returned 7588268
  7588268:  137:                double q2 = std::max(0.0, 2 - q); 
call    0 returned 7588268
  7588268:  138:                double kernelVal = correctionConst * alpha * (q2 * q2 * q2 - 4 * q1 * q1 * q1);
  7588268:  139:                particles[i].kernel[k] = kernelVal;
call    0 returned 7588268
        -:  140:            }
        -:  141:        }
     2000:  142:    }
        -:  143:
function _ZN6kernel6Kernel25calculateKernelDerivativeEv called 2000 returned 100% blocks executed 100%
     2000:  144:    void Kernel::calculateKernelDerivative() {
     2000:  145:        double alpha = 5 / (14 * M_PI * pow(conf.h, 2));
     2000:  145-block  0
call    0 returned 2000
   602000:  146:        for (int i = 0; i < conf.activeParticles; i++) {
   600000:  146-block  0
   602000:  146-block  1
branch  0 taken 600000
branch  1 taken 2000 (fallthrough)
   600000:  147:            particles[i].kernelDerivX.resize(particles[i].neighbors.size());
   600000:  147-block  0
call    0 returned 600000
call    1 returned 600000
   600000:  148:            particles[i].kernelDerivY.resize(particles[i].neighbors.size());
call    0 returned 600000
call    1 returned 600000
  8188268:  149:            for (int k = 0; k < particles[i].neighbors.size(); k++) {
  8188268:  149-block  0
call    0 returned 8188268
branch  1 taken 7588268
branch  2 taken 600000 (fallthrough)
  7588268:  150:                int j = particles[i].neighbors[k];
  7588268:  150-block  0
call    0 returned 7588268
  7588268:  151:                double distX = (particles[i].pos[0] - particles[j].pos[0]) / conf.h;
call    0 returned 7588268
call    1 returned 7588268
  7588268:  152:                double distY = (particles[i].pos[1] - particles[j].pos[1]) / conf.h;
call    0 returned 7588268
call    1 returned 7588268
  7588268:  153:                double dist = std::sqrt(distX * distX + distY * distY);
  7588268:  154:                double q1 = std::max(0.0, 1 - dist);
call    0 returned 7588268
  7588268:  155:                double q2 = std::max(0.0, 2 - dist);
call    0 returned 7588268
  7588268:  156:                double inner = -3 * q2 * q2 + 12 * q1 * q1;
  7588268:  157:                double common = 0;
        -:  158:                //Ignore elements with really low distance to avoid underflow
  7588268:  159:                if (dist > 0.001) {
branch  0 taken 6988268 (fallthrough)
branch  1 taken 600000
  6988268:  160:                    common = alpha * inner / (dist * conf.h * conf.h);
  6988268:  160-block  0
        -:  161:                }
  7588268:  162:                particles[i].kernelDerivX[k] = correctionConst * (particles[i].pos[0] - particles[j].pos[0]) * common;
  7588268:  162-block  0
call    0 returned 7588268
call    1 returned 7588268
call    2 returned 7588268
  7588268:  163:                particles[i].kernelDerivY[k] = correctionConst * (particles[i].pos[1] - particles[j].pos[1]) * common;
call    0 returned 7588268
call    1 returned 7588268
call    2 returned 7588268
        -:  164:            }
        -:  165:        } 
     2000:  166:    }
        -:  167:
function _ZN6kernel6Kernel9getFactorEv called 0 returned 0% blocks executed 0%
    #####:  168:    double Kernel::getFactor() {
    #####:  169:        if (conf.dim == 1) return 1 / (6 * conf.h);
    %%%%%:  169-block  0
branch  0 never executed (fallthrough)
branch  1 never executed
    %%%%%:  169-block  1
    #####:  170:        else if (conf.dim == 2) return 5 / (14 * M_PI * pow(conf.h, 2));
    %%%%%:  170-block  0
branch  0 never executed (fallthrough)
branch  1 never executed
    %%%%%:  170-block  1
call    2 never executed
    #####:  171:        else if (conf.dim == 2) return 1 / (4 * M_PI * pow(conf.h, 3));
    %%%%%:  171-block  0
branch  0 never executed (fallthrough)
branch  1 never executed
    %%%%%:  171-block  1
call    2 never executed
        -:  172:        else {
    #####:  173:            throw "Maximum number of dimensions is 3";
    %%%%%:  173-block  0
call    0 never executed
call    1 never executed
        -:  174:        };
        -:  175:    }
        -:  176:
function _ZN6kernel6Kernel14getKernelEntryEii called 0 returned 0% blocks executed 0%
    #####:  177:    double Kernel::getKernelEntry(int i, int j) {
        -:  178:        //Kernel is symmetric
        -:  179:        //if (i <= j) return kernel[i][j];
        -:  180:        //else return kernel[j][i];
    #####:  181:        return 0.0;
    %%%%%:  181-block  0
        -:  182:    }
        -:  183:
        -:  184:    // This function should only be used for testing purposes
function _ZN6kernel6Kernel18getDerivativeEntryEii called 0 returned 0% blocks executed 0%
    #####:  185:    std::vector<double> Kernel::getDerivativeEntry(int i, int j) {
    #####:  186:        std::vector<double> basic;
    %%%%%:  186-block  0
call    0 never executed
    #####:  187:        basic.resize(conf.dim);
call    0 never executed
branch  1 never executed (fallthrough)
branch  2 never executed (throw)
        -:  188:        //Derivative is antisymmetric
    #####:  189:        auto p = particles[i];
    %%%%%:  189-block  0
call    0 never executed
branch  1 never executed (fallthrough)
branch  2 never executed (throw)
    #####:  190:        for (int k = 0; k < p.neighbors.size(); k++) {
    %%%%%:  190-block  0
    %%%%%:  190-block  1
    %%%%%:  190-block  2
call    0 never executed
branch  1 never executed
branch  2 never executed (fallthrough)
    #####:  191:            if (p.neighbors[k] == j) {
    %%%%%:  191-block  0
call    0 never executed
branch  1 never executed (fallthrough)
branch  2 never executed
    #####:  192:                basic[0] = p.kernelDerivX[k];
    %%%%%:  192-block  0
call    0 never executed
call    1 never executed
    #####:  193:                basic[1] = p.kernelDerivY[k];
call    0 never executed
call    1 never executed
        -:  194:            }
        -:  195:        }
    #####:  196:        return basic;
    %%%%%:  196-block  0
    %%%%%:  196-block  1
    #####:  197:    }
    %%%%%:  197-block  0
call    0 never executed
    $$$$$:  197-block  1
call    1 never executed
        -:  198:}
