        -:    0:Source:/mnt/c/cygwin64/home/chri/Uni/MS2/Simulation/sph-fluid-solver/src/parser.cpp
        -:    0:Graph:/mnt/c/cygwin64/home/chri/Uni/MS2/Simulation/sph-fluid-solver/cmake-build-debug-coverage/CMakeFiles/parser.dir/src/parser.cpp.gcno
        -:    0:Data:/mnt/c/cygwin64/home/chri/Uni/MS2/Simulation/sph-fluid-solver/cmake-build-debug-coverage/CMakeFiles/parser.dir/src/parser.cpp.gcda
        -:    0:Runs:1
        -:    1:#include "parser.hpp"
        -:    2:
        -:    3:namespace parser {
function _ZN6parser6ParserC2Ev called 1 returned 100% blocks executed 100%
        1:    4:    Parser::Parser() {}
        1:    4-block  0
call    0 returned 1
call    1 returned 1
        -:    5:
function _ZN6parser6Parser4openENSt7__cxx1112basic_stringIcSt11char_traitsIcESaIcEEE called 1 returned 100% blocks executed 70%
        1:    6:    bool Parser::open(std::string path) {
        1:    7:        file.open(path, std::ios::in);
        1:    7-block  0
call    0 returned 1
        1:    8:        if (file.is_open()) {
call    0 returned 1
branch  1 taken 1 (fallthrough)
branch  2 taken 0
        1:    9:            std::string sa;
        1:    9-block  0
call    0 returned 1
        1:   10:            getline(file, sa);
call    0 returned 1
branch  1 taken 1 (fallthrough)
branch  2 taken 0 (throw)
        1:   11:            auto tokens = split(sa, ' ');
        1:   11-block  0
call    0 returned 1
branch  1 taken 1 (fallthrough)
branch  2 taken 0 (throw)
        1:   11-block  1
call    3 returned 1
branch  4 taken 1 (fallthrough)
branch  5 taken 0 (throw)
        1:   11-block  2
call    6 returned 1
    $$$$$:   11-block  3
call    7 never executed
    $$$$$:   11-block  4
        1:   12:            if (tokens.size() < 8) {
call    0 returned 1
branch  1 taken 0 (fallthrough)
branch  2 taken 1
    #####:   13:                std::cout << "Header should have at least 8 tokens\n";
    %%%%%:   13-block  0
call    0 never executed
branch  1 never executed (fallthrough)
branch  2 never executed (throw)
    #####:   14:                throw "Invalid line";
    %%%%%:   14-block  0
call    0 never executed
call    1 never executed
        -:   15:            }
        1:   16:            conf.particleCount = std::stoi(tokens[0]);
        1:   16-block  0
call    0 returned 1
call    1 returned 1
branch  2 taken 1 (fallthrough)
branch  3 taken 0 (throw)
        1:   17:            conf.dim = std::stoi(tokens[1]);
        1:   17-block  0
call    0 returned 1
call    1 returned 1
branch  2 taken 1 (fallthrough)
branch  3 taken 0 (throw)
       1*:   18:            if (conf.dim != 2) throw "Only support dimensions 2.";
        1:   18-block  0
branch  0 taken 0 (fallthrough)
branch  1 taken 1
    %%%%%:   18-block  1
call    2 never executed
call    3 never executed
        1:   19:            conf.h = std::stod(tokens[2]);
        1:   19-block  0
call    0 returned 1
call    1 returned 1
branch  2 taken 1 (fallthrough)
branch  3 taken 0 (throw)
        1:   20:            conf.k = std::stod(tokens[3]);
        1:   20-block  0
call    0 returned 1
call    1 returned 1
branch  2 taken 1 (fallthrough)
branch  3 taken 0 (throw)
        1:   21:            conf.nu = std::stod(tokens[4]);
        1:   21-block  0
call    0 returned 1
call    1 returned 1
branch  2 taken 1 (fallthrough)
branch  3 taken 0 (throw)
        1:   22:            conf.kernelSupport = std::stod(tokens[5]);
        1:   22-block  0
call    0 returned 1
call    1 returned 1
branch  2 taken 1 (fallthrough)
branch  3 taken 0 (throw)
        1:   23:            conf.fastRender = std::stoi(tokens[6]);
        1:   23-block  0
call    0 returned 1
call    1 returned 1
branch  2 taken 1 (fallthrough)
branch  3 taken 0 (throw)
        1:   24:            conf.timestep = std::stod(tokens[7]);
        1:   24-block  0
call    0 returned 1
call    1 returned 1
branch  2 taken 1 (fallthrough)
branch  3 taken 0 (throw)
        1:   25:            if (tokens.size() != 2 * conf.dim + 8) {
        1:   25-block  0
call    0 returned 1
branch  1 taken 0 (fallthrough)
branch  2 taken 1
    #####:   26:                std::cout << "Header should have 8 + 2 * " << conf.dim << " tokens\n";
    %%%%%:   26-block  0
call    0 never executed
branch  1 never executed (fallthrough)
branch  2 never executed (throw)
    %%%%%:   26-block  1
call    3 never executed
branch  4 never executed (fallthrough)
branch  5 never executed (throw)
    %%%%%:   26-block  2
call    6 never executed
branch  7 never executed (fallthrough)
branch  8 never executed (throw)
    #####:   27:                throw "Invalid line";
    %%%%%:   27-block  0
call    0 never executed
call    1 never executed
        -:   28:            }
        3:   29:            for (int i = 0; i < conf.dim; i++) {
        1:   29-block  0
        3:   29-block  1
branch  0 taken 2
branch  1 taken 1 (fallthrough)
        2:   30:                conf.g.push_back(std::stod(tokens[8 + i]));
        2:   30-block  0
call    0 returned 2
call    1 returned 2
branch  2 taken 2 (fallthrough)
branch  3 taken 0 (throw)
        2:   30-block  1
call    4 returned 2
branch  5 taken 2 (fallthrough)
branch  6 taken 0 (throw)
    $$$$$:   30-block  2
        2:   31:                conf.area.push_back(std::stoi(tokens[8 + conf.dim + i]));
        2:   31-block  0
call    0 returned 2
call    1 returned 2
branch  2 taken 2 (fallthrough)
branch  3 taken 0 (throw)
        2:   31-block  1
call    4 returned 2
branch  5 taken 2 (fallthrough)
branch  6 taken 0 (throw)
        2:   31-block  2
    $$$$$:   31-block  3
        -:   32:            }
        1:   33:        }
        1:   33-block  0
call    0 returned 1
call    1 returned 1
    $$$$$:   33-block  1
call    2 never executed
    $$$$$:   33-block  2
call    3 never executed
        1:   34:        return file.is_open();
        1:   34-block  0
call    0 returned 1
        -:   35:    }
        -:   36:
function _ZN6parser6Parser5closeEv called 1 returned 100% blocks executed 100%
        1:   37:    void Parser::close() {
        1:   38:        file.close();
        1:   38-block  0
call    0 returned 1
        1:   39:    }
        -:   40:
        -:   41:    //Returns a partial configuration with all the information parsed from the file
function _ZN6parser6Parser15getParsedConfigEv called 1 returned 100% blocks executed 100%
        1:   42:    config Parser::getParsedConfig() {
        1:   43:        return conf;
        1:   43-block  0
call    0 returned 1
        -:   44:    }
        -:   45:
function _ZN6parser6Parser17parseNextParticleEPN10structures8particleE called 536 returned 100% blocks executed 59%
      536:   46:    void Parser::parseNextParticle(particle* target) {
      536:   47:        std::string sa;
      536:   47-block  0
call    0 returned 536
      536:   48:        getline(file, sa);
call    0 returned 536
branch  1 taken 536 (fallthrough)
branch  2 taken 0 (throw)
      536:   49:        auto tokens = split(sa, ',');
      536:   49-block  0
call    0 returned 536
branch  1 taken 536 (fallthrough)
branch  2 taken 0 (throw)
      536:   49-block  1
call    3 returned 536
branch  4 taken 536 (fallthrough)
branch  5 taken 0 (throw)
      536:   49-block  2
call    6 returned 536
    $$$$$:   49-block  3
call    7 never executed
    $$$$$:   49-block  4
      536:   50:        if (tokens.size() != 2 * conf.dim + 2) {
call    0 returned 536
branch  1 taken 0 (fallthrough)
branch  2 taken 536
    #####:   51:            std::cout << "Particle: " << sa << ", " << tokens.size() << "\n";
    %%%%%:   51-block  0
call    0 never executed
branch  1 never executed (fallthrough)
branch  2 never executed (throw)
    %%%%%:   51-block  1
call    3 never executed
branch  4 never executed (fallthrough)
branch  5 never executed (throw)
    %%%%%:   51-block  2
call    6 never executed
branch  7 never executed (fallthrough)
branch  8 never executed (throw)
    %%%%%:   51-block  3
call    9 never executed
call   10 never executed
branch 11 never executed (fallthrough)
branch 12 never executed (throw)
    %%%%%:   51-block  4
call   13 never executed
branch 14 never executed (fallthrough)
branch 15 never executed (throw)
    #####:   52:            throw "Invalid line";
    %%%%%:   52-block  0
call    0 never executed
call    1 never executed
        -:   53:        }
      536:   54:        target->isStationary = std::stoi(tokens[0]);
      536:   54-block  0
call    0 returned 536
call    1 returned 536
branch  2 taken 536 (fallthrough)
branch  3 taken 0 (throw)
      536:   55:        target->mass = std::stod(tokens[1]);
      536:   55-block  0
call    0 returned 536
call    1 returned 536
branch  2 taken 536 (fallthrough)
branch  3 taken 0 (throw)
     1608:   56:        for (int i = 0; i < conf.dim; i++) {
      536:   56-block  0
     1608:   56-block  1
branch  0 taken 1072
branch  1 taken 536 (fallthrough)
     1072:   57:            target->pos.push_back(std::stod(tokens[i + 2]));
     1072:   57-block  0
call    0 returned 1072
call    1 returned 1072
branch  2 taken 1072 (fallthrough)
branch  3 taken 0 (throw)
     1072:   57-block  1
call    4 returned 1072
branch  5 taken 1072 (fallthrough)
branch  6 taken 0 (throw)
    $$$$$:   57-block  2
     1072:   58:            target->speed.push_back(std::stod(tokens[conf.dim + i + 2]));
     1072:   58-block  0
call    0 returned 1072
call    1 returned 1072
branch  2 taken 1072 (fallthrough)
branch  3 taken 0 (throw)
     1072:   58-block  1
call    4 returned 1072
branch  5 taken 1072 (fallthrough)
branch  6 taken 0 (throw)
     1072:   58-block  2
    $$$$$:   58-block  3
        -:   59:        }
      536:   60:    }
      536:   60-block  0
call    0 returned 536
call    1 returned 536
    $$$$$:   60-block  1
call    2 never executed
    $$$$$:   60-block  2
call    3 never executed
        -:   61:
function _ZN6parser6Parser5splitENSt7__cxx1112basic_stringIcSt11char_traitsIcESaIcEEEc called 537 returned 100% blocks executed 67%
      537:   62:    std::vector<std::string> Parser::split(std::string line, char delim) {
      537:   63:        std::vector<std::string> tokens;
      537:   63-block  0
call    0 returned 537
      537:   64:        auto start = 0U;
      537:   65:        auto end = line.find(delim);
call    0 returned 537
     3228:   66:        while (end != std::string::npos) {
     3228:   66-block  0
branch  0 taken 2691
branch  1 taken 537 (fallthrough)
     2691:   67:            tokens.push_back(line.substr(start, end - start));
     2691:   67-block  0
call    0 returned 2691
branch  1 taken 2691 (fallthrough)
branch  2 taken 0 (throw)
     2691:   67-block  1
call    3 returned 2691
branch  4 taken 2691 (fallthrough)
branch  5 taken 0 (throw)
     2691:   67-block  2
call    6 returned 2691
    $$$$$:   67-block  3
call    7 never executed
    $$$$$:   67-block  4
     2691:   68:            start = end + 1;
     2691:   69:            end = line.find(delim, start);
call    0 returned 2691
        -:   70:        }
      537:   71:        tokens.push_back(line.substr(start, end - start));
      537:   71-block  0
call    0 returned 537
branch  1 taken 537 (fallthrough)
branch  2 taken 0 (throw)
      537:   71-block  1
call    3 returned 537
branch  4 taken 537 (fallthrough)
branch  5 taken 0 (throw)
      537:   71-block  2
call    6 returned 537
    $$$$$:   71-block  3
call    7 never executed
    $$$$$:   71-block  4
      537:   72:        return tokens;
      537:   72-block  0
    =====:   73:    }
    $$$$$:   73-block  0
call    0 never executed
        -:   74:}
