        -:    0:Source:/mnt/c/cygwin64/home/chri/Uni/MS2/Simulation/sph-fluid-solver/src/plain.cpp
        -:    0:Graph:/mnt/c/cygwin64/home/chri/Uni/MS2/Simulation/sph-fluid-solver/cmake-build-debug-coverage/CMakeFiles/plain.dir/src/plain.cpp.gcno
        -:    0:Data:/mnt/c/cygwin64/home/chri/Uni/MS2/Simulation/sph-fluid-solver/cmake-build-debug-coverage/CMakeFiles/plain.dir/src/plain.cpp.gcda
        -:    0:Runs:1
        -:    1:#include "simulate.hpp"
        -:    2:#include <ctime> 
        -:    3:#include <vector>
        -:    4:#include <iostream>
        -:    5:#include <fstream>
        -:    6:#include <random>
        -:    7:#include "structures.hpp"
        -:    8:#include "kernel.hpp"
        -:    9:
        -:   10:#include <stdio.h>
        -:   11:#include <stdlib.h>
        -:   12:#include <string.h>  
        -:   13:#include <sstream>
        -:   14:#include <string> 
        -:   15:
        -:   16:std::random_device r;
        -:   17:std::default_random_engine e1(r());
        -:   18:static int xRes = 600u;
        -:   19:static int yRes = 600u;
        -:   20:double maxSpeed = 0;
        -:   21:std::vector<double> lost;
        -:   22:
        -:   23:structures::config conf;
        -:   24:
function _Z9saveStateiPN8simulate9SimulatorEPcd called 1 returned 100% blocks executed 83%
        1:   25:void saveState(int step, simulate::Simulator* sim, char* path, double densityAvg) {
        1:   26:    std::stringstream files;
        1:   26-block  0
call    0 returned 1
branch  1 taken 1 (fallthrough)
branch  2 taken 0 (throw)
        1:   27:    files << path << "/step" << step << ".txt";
        1:   27-block  0
call    0 returned 1
branch  1 taken 1 (fallthrough)
branch  2 taken 0 (throw)
        1:   27-block  1
call    3 returned 1
branch  4 taken 1 (fallthrough)
branch  5 taken 0 (throw)
        1:   27-block  2
call    6 returned 1
branch  7 taken 1 (fallthrough)
branch  8 taken 0 (throw)
        1:   27-block  3
call    9 returned 1
branch 10 taken 1 (fallthrough)
branch 11 taken 0 (throw)
        1:   28:    std::string file = files.str();
        1:   28-block  0
call    0 returned 1
branch  1 taken 1 (fallthrough)
branch  2 taken 0 (throw)
        1:   29:    std::ofstream myfile;
        1:   29-block  0
call    0 returned 1
branch  1 taken 1 (fallthrough)
branch  2 taken 0 (throw)
        1:   30:    myfile.open (file, std::ios::app);
        1:   30-block  0
call    0 returned 1
branch  1 taken 1 (fallthrough)
branch  2 taken 0 (throw)
        1:   31:    myfile << conf.particleCount << " " << conf.dim << " " << conf.h << " " << conf.k << " " << conf.nu << " ";
        1:   31-block  0
call    0 returned 1
branch  1 taken 1 (fallthrough)
branch  2 taken 0 (throw)
        1:   31-block  1
call    3 returned 1
branch  4 taken 1 (fallthrough)
branch  5 taken 0 (throw)
        1:   31-block  2
call    6 returned 1
branch  7 taken 1 (fallthrough)
branch  8 taken 0 (throw)
        1:   31-block  3
call    9 returned 1
branch 10 taken 1 (fallthrough)
branch 11 taken 0 (throw)
        1:   31-block  4
call   12 returned 1
branch 13 taken 1 (fallthrough)
branch 14 taken 0 (throw)
        1:   31-block  5
call   15 returned 1
branch 16 taken 1 (fallthrough)
branch 17 taken 0 (throw)
        1:   31-block  6
call   18 returned 1
branch 19 taken 1 (fallthrough)
branch 20 taken 0 (throw)
        1:   31-block  7
call   21 returned 1
branch 22 taken 1 (fallthrough)
branch 23 taken 0 (throw)
        1:   31-block  8
call   24 returned 1
branch 25 taken 1 (fallthrough)
branch 26 taken 0 (throw)
        1:   31-block  9
call   27 returned 1
branch 28 taken 1 (fallthrough)
branch 29 taken 0 (throw)
        1:   32:    myfile << conf.kernelSupport << " " << conf.fastRender << " " << conf.timestep << " ";
        1:   32-block  0
call    0 returned 1
branch  1 taken 1 (fallthrough)
branch  2 taken 0 (throw)
        1:   32-block  1
call    3 returned 1
branch  4 taken 1 (fallthrough)
branch  5 taken 0 (throw)
        1:   32-block  2
call    6 returned 1
branch  7 taken 1 (fallthrough)
branch  8 taken 0 (throw)
        1:   32-block  3
call    9 returned 1
branch 10 taken 1 (fallthrough)
branch 11 taken 0 (throw)
        1:   32-block  4
call   12 returned 1
branch 13 taken 1 (fallthrough)
branch 14 taken 0 (throw)
        1:   32-block  5
call   15 returned 1
branch 16 taken 1 (fallthrough)
branch 17 taken 0 (throw)
        1:   33:    myfile << conf.g[0] << " " << conf.g[1] << " " << conf.area[0] << " " << conf.area[1] << "\n"; 
        1:   33-block  0
call    0 returned 1
call    1 returned 1
branch  2 taken 1 (fallthrough)
branch  3 taken 0 (throw)
        1:   33-block  1
call    4 returned 1
branch  5 taken 1 (fallthrough)
branch  6 taken 0 (throw)
        1:   33-block  2
call    7 returned 1
call    8 returned 1
branch  9 taken 1 (fallthrough)
branch 10 taken 0 (throw)
        1:   33-block  3
call   11 returned 1
branch 12 taken 1 (fallthrough)
branch 13 taken 0 (throw)
        1:   33-block  4
call   14 returned 1
call   15 returned 1
branch 16 taken 1 (fallthrough)
branch 17 taken 0 (throw)
        1:   33-block  5
call   18 returned 1
branch 19 taken 1 (fallthrough)
branch 20 taken 0 (throw)
        1:   33-block  6
call   21 returned 1
call   22 returned 1
branch 23 taken 1 (fallthrough)
branch 24 taken 0 (throw)
        1:   33-block  7
call   25 returned 1
branch 26 taken 1 (fallthrough)
branch 27 taken 0 (throw)
        -:   34:
      537:   35:    for (auto particle : sim->getParticles()) {
        1:   35-block  0
call    0 returned 1
branch  1 taken 1 (fallthrough)
branch  2 taken 0 (throw)
        1:   35-block  1
call    3 returned 1
call    4 returned 1
      536:   35-block  2
call    5 returned 536
call    6 returned 536
branch  7 taken 536 (fallthrough)
branch  8 taken 0 (throw)
call    9 returned 536
      537:   35-block  3
call   10 returned 537
branch 11 taken 536
branch 12 taken 1 (fallthrough)
      536:   36:        myfile << particle.isStationary << "," << particle.mass << "," << particle.pos[0] << "," << particle.pos[1];
      536:   36-block  0
call    0 returned 536
branch  1 taken 536 (fallthrough)
branch  2 taken 0 (throw)
      536:   36-block  1
call    3 returned 536
branch  4 taken 536 (fallthrough)
branch  5 taken 0 (throw)
      536:   36-block  2
call    6 returned 536
branch  7 taken 536 (fallthrough)
branch  8 taken 0 (throw)
      536:   36-block  3
call    9 returned 536
branch 10 taken 536 (fallthrough)
branch 11 taken 0 (throw)
      536:   36-block  4
call   12 returned 536
call   13 returned 536
branch 14 taken 536 (fallthrough)
branch 15 taken 0 (throw)
      536:   36-block  5
call   16 returned 536
branch 17 taken 536 (fallthrough)
branch 18 taken 0 (throw)
      536:   36-block  6
call   19 returned 536
call   20 returned 536
branch 21 taken 536 (fallthrough)
branch 22 taken 0 (throw)
      536:   37:        myfile << "," << particle.speed[0] << "," <<particle.speed[1] << "\n";
      536:   37-block  0
call    0 returned 536
branch  1 taken 536 (fallthrough)
branch  2 taken 0 (throw)
      536:   37-block  1
call    3 returned 536
call    4 returned 536
branch  5 taken 536 (fallthrough)
branch  6 taken 0 (throw)
      536:   37-block  2
call    7 returned 536
branch  8 taken 536 (fallthrough)
branch  9 taken 0 (throw)
      536:   37-block  3
call   10 returned 536
call   11 returned 536
branch 12 taken 536 (fallthrough)
branch 13 taken 0 (throw)
      536:   37-block  4
call   14 returned 536
branch 15 taken 536 (fallthrough)
branch 16 taken 0 (throw)
      537:   38:    }
      536:   38-block  0
call    0 returned 536
        1:   38-block  1
call    1 returned 1
    $$$$$:   38-block  2
call    2 never executed
    $$$$$:   38-block  3
call    3 never executed
        1:   39:    myfile.close();
call    0 returned 1
branch  1 taken 1 (fallthrough)
branch  2 taken 0 (throw)
        -:   40:
        1:   41:    std::stringstream stats;
        1:   41-block  0
call    0 returned 1
branch  1 taken 1 (fallthrough)
branch  2 taken 0 (throw)
        1:   42:    stats << path << "/density.txt";
        1:   42-block  0
call    0 returned 1
branch  1 taken 1 (fallthrough)
branch  2 taken 0 (throw)
        1:   42-block  1
call    3 returned 1
branch  4 taken 1 (fallthrough)
branch  5 taken 0 (throw)
        1:   43:    std::string statFile = stats.str();
        1:   43-block  0
call    0 returned 1
branch  1 taken 1 (fallthrough)
branch  2 taken 0 (throw)
        1:   44:    std::ofstream densityFile;
        1:   44-block  0
call    0 returned 1
branch  1 taken 1 (fallthrough)
branch  2 taken 0 (throw)
        1:   45:    densityFile.open (statFile, std::ios::app);
        1:   45-block  0
call    0 returned 1
branch  1 taken 1 (fallthrough)
branch  2 taken 0 (throw)
        1:   46:    densityFile << step << "," << densityAvg << "\n";
        1:   46-block  0
call    0 returned 1
branch  1 taken 1 (fallthrough)
branch  2 taken 0 (throw)
        1:   46-block  1
call    3 returned 1
branch  4 taken 1 (fallthrough)
branch  5 taken 0 (throw)
        1:   46-block  2
call    6 returned 1
branch  7 taken 1 (fallthrough)
branch  8 taken 0 (throw)
        1:   46-block  3
call    9 returned 1
branch 10 taken 1 (fallthrough)
branch 11 taken 0 (throw)
        1:   47:    densityFile.close();
        1:   47-block  0
call    0 returned 1
branch  1 taken 1 (fallthrough)
branch  2 taken 0 (throw)
        1:   48:}
        1:   48-block  0
call    0 returned 1
call    1 returned 1
call    2 returned 1
call    3 returned 1
call    4 returned 1
call    5 returned 1
    $$$$$:   48-block  1
call    6 never executed
    $$$$$:   48-block  2
call    7 never executed
    $$$$$:   48-block  3
call    8 never executed
    $$$$$:   48-block  4
call    9 never executed
    $$$$$:   48-block  5
call   10 never executed
    $$$$$:   48-block  6
call   11 never executed
        -:   49:
function _Z21computeAverageDensityN8simulate9SimulatorE called 1 returned 100% blocks executed 100%
        1:   50:double computeAverageDensity(simulate::Simulator simulator) {
        1:   51:    double densitySum = 0;
      301:   52:    for (int i = 0; i < conf.activeParticles; i++) {
        1:   52-block  0
      301:   52-block  1
branch  0 taken 300
branch  1 taken 1 (fallthrough)
      300:   53:        densitySum += simulator.getParticles()[i].density;
      300:   53-block  0
call    0 returned 300
branch  1 taken 300 (fallthrough)
branch  2 taken 0 (throw)
      300:   53-block  1
call    3 returned 300
call    4 returned 300
        -:   54:    }
        1:   55:    return densitySum / conf.activeParticles;
        1:   55-block  0
        1:   55-block  1
        -:   56:}
        -:   57:
function _Z13runSimulationNSt7__cxx1112basic_stringIcSt11char_traitsIcESaIcEEEdiPc called 1 returned 100% blocks executed 65%
        1:   58:void runSimulation(std::string input, double seconds, int saveInterval, char* path) {
        1:   59:    auto simulator = simulate::Simulator(conf);
        1:   59-block  0
call    0 returned 1
branch  1 taken 1 (fallthrough)
branch  2 taken 0 (throw)
        1:   59-block  1
call    3 returned 1
branch  4 taken 1 (fallthrough)
branch  5 taken 0 (throw)
        1:   59-block  2
call    6 returned 1
    $$$$$:   59-block  3
call    7 never executed
    $$$$$:   59-block  4
        1:   60:    conf = simulator.parseFile(input);
call    0 returned 1
branch  1 taken 1 (fallthrough)
branch  2 taken 0 (throw)
        1:   60-block  0
call    3 returned 1
branch  4 taken 1 (fallthrough)
branch  5 taken 0 (throw)
        1:   60-block  1
call    6 returned 1
call    7 returned 1
call    8 returned 1
    $$$$$:   60-block  2
call    9 never executed
    $$$$$:   60-block  3
    $$$$$:   60-block  4
        1:   61:    kernel::Kernel kernel = kernel::Kernel(conf);
call    0 returned 1
branch  1 taken 1 (fallthrough)
branch  2 taken 0 (throw)
        1:   61-block  0
call    3 returned 1
branch  4 taken 1 (fallthrough)
branch  5 taken 0 (throw)
        1:   61-block  1
call    6 returned 1
    $$$$$:   61-block  2
call    7 never executed
    $$$$$:   61-block  3
        1:   62:    kernel.initialize(simulator.getParticleData());
call    0 returned 1
branch  1 taken 1 (fallthrough)
branch  2 taken 0 (throw)
        1:   62-block  0
call    3 returned 1
branch  4 taken 1 (fallthrough)
branch  5 taken 0 (throw)
        1:   63:    simulator.addKernel(&kernel);
        1:   63-block  0
call    0 returned 1
branch  1 taken 1 (fallthrough)
branch  2 taken 0 (throw)
        -:   64:    //saveState(0, &simulator, path, computeAverageDensity(simulator));
        1:   65:    int initial = 0;
     2001:   66:    for (int step = initial; step < seconds / conf.timestep; step++) {
        1:   66-block  0
     2000:   66-block  1
     2001:   66-block  2
branch  0 taken 2000
branch  1 taken 1 (fallthrough)
     2000:   67:        simulator.simulateStep();
     2000:   67-block  0
call    0 returned 2000
branch  1 taken 2000 (fallthrough)
branch  2 taken 0 (throw)
     2000:   68:        if ((step + 1) % saveInterval == 0) {
     2000:   68-block  0
branch  0 taken 1 (fallthrough)
branch  1 taken 1999
        1:   69:            std::cout << "Step: " << step << "\n";
        1:   69-block  0
call    0 returned 1
branch  1 taken 1 (fallthrough)
branch  2 taken 0 (throw)
        1:   69-block  1
call    3 returned 1
branch  4 taken 1 (fallthrough)
branch  5 taken 0 (throw)
        1:   69-block  2
call    6 returned 1
branch  7 taken 1 (fallthrough)
branch  8 taken 0 (throw)
        1:   70:            saveState(step + 1, &simulator, path, computeAverageDensity(simulator));
        1:   70-block  0
call    0 returned 1
branch  1 taken 1 (fallthrough)
branch  2 taken 0 (throw)
        1:   70-block  1
call    3 returned 1
branch  4 taken 1 (fallthrough)
branch  5 taken 0 (throw)
        1:   70-block  2
call    6 returned 1
branch  7 taken 1 (fallthrough)
branch  8 taken 0 (throw)
        1:   70-block  3
call    9 returned 1
    $$$$$:   70-block  4
call   10 never executed
    $$$$$:   70-block  5
        -:   71:        }
        -:   72:    }
        1:   73:}
        1:   73-block  0
call    0 returned 1
call    1 returned 1
    $$$$$:   73-block  1
call    2 never executed
    $$$$$:   73-block  2
call    3 never executed
        -:   74:
function main called 1 returned 100% blocks executed 57%
        1:   75:int main(int argc, char** argv) {
        1:   75-block  0
        2:   76:    std::string input = argv[1];
        1:   76-block  0
call    0 returned 1
branch  1 taken 1 (fallthrough)
branch  2 taken 0 (throw)
    $$$$$:   76-block  1
        2:   77:    double seconds = std::stod(argv[2]);
        1:   77-block  0
call    0 returned 1
branch  1 taken 1 (fallthrough)
branch  2 taken 0 (throw)
        1:   77-block  1
call    3 returned 1
branch  4 taken 1 (fallthrough)
branch  5 taken 0 (throw)
        1:   77-block  2
call    6 returned 1
    $$$$$:   77-block  3
call    7 never executed
    $$$$$:   77-block  4
    $$$$$:   77-block  5
        1:   78:    int saveInterval = std::stoi(argv[3]);
        1:   78-block  0
call    0 returned 1
branch  1 taken 1 (fallthrough)
branch  2 taken 0 (throw)
        1:   78-block  1
call    3 returned 1
branch  4 taken 1 (fallthrough)
branch  5 taken 0 (throw)
        1:   78-block  2
call    6 returned 1
    $$$$$:   78-block  3
call    7 never executed
    $$$$$:   78-block  4
    $$$$$:   78-block  5
        1:   79:    char* file = argv[4];
        1:   80:    time_t start = clock();
call    0 returned 1
        1:   81:    time_t startTime = time(NULL);
call    0 returned 1
        1:   82:    runSimulation(input, seconds, saveInterval, file);
call    0 returned 1
branch  1 taken 1 (fallthrough)
branch  2 taken 0 (throw)
        1:   82-block  0
call    3 returned 1
branch  4 taken 1 (fallthrough)
branch  5 taken 0 (throw)
        1:   82-block  1
call    6 returned 1
    $$$$$:   82-block  2
call    7 never executed
    $$$$$:   82-block  3
        1:   83:    time_t end = clock();
call    0 returned 1
        1:   84:    time_t endTime = time(NULL);
call    0 returned 1
        -:   85:    //writeMeasurements(file, input, simulationSteps, difftime(endTime, startTime), end - start);
        1:   86:}
call    0 returned 1
        1:   86-block  0
    $$$$$:   86-block  1
call    1 never executed
