        -:    0:Source:/mnt/c/cygwin64/home/chri/Uni/MS2/Simulation/sph-fluid-solver/src/structures.cpp
        -:    0:Graph:/mnt/c/cygwin64/home/chri/Uni/MS2/Simulation/sph-fluid-solver/cmake-build-debug-coverage/CMakeFiles/structures.dir/src/structures.cpp.gcno
        -:    0:Data:/mnt/c/cygwin64/home/chri/Uni/MS2/Simulation/sph-fluid-solver/cmake-build-debug-coverage/CMakeFiles/structures.dir/src/structures.cpp.gcda
        -:    0:Runs:1
        -:    1:#include <iostream>
        -:    2:#include <cmath>
        -:    3:#include "structures.hpp"
        -:    4:
        -:    5:namespace structures {
        -:    6:    /**
        -:    7:     * We use squared distance for distance comparisons to avoid explicitly
        -:    8:     * taking the square root
        -:    9:     */
function _ZN10structures18getSquaredDistanceESt6vectorIdSaIdEES2_i called 0 returned 0% blocks executed 0%
    #####:   10:    double getSquaredDistance(std::vector<double> a, std::vector<double> b, int dim) {
    #####:   11:        double dist2 = 0;
    #####:   12:        for (int k = 0; k < dim; k++) {
    %%%%%:   12-block  0
    %%%%%:   12-block  1
branch  0 never executed
branch  1 never executed (fallthrough)
    #####:   13:            dist2 = dist2 + std::pow(a[k] - b[k], 2);
    %%%%%:   13-block  0
call    0 never executed
call    1 never executed
call    2 never executed
        -:   14:        }
    #####:   15:        return dist2;
    %%%%%:   15-block  0
        -:   16:    }
        -:   17:
function _ZN10structures11getDistanceESt6vectorIdSaIdEES2_i called 0 returned 0% blocks executed 0%
    #####:   18:    double getDistance(std::vector<double> a, std::vector<double> b, int dim) {
    #####:   19:        return std::sqrt(getSquaredDistance(a, b, dim));
    %%%%%:   19-block  0
call    0 never executed
branch  1 never executed (fallthrough)
branch  2 never executed (throw)
    %%%%%:   19-block  1
call    3 never executed
branch  4 never executed (fallthrough)
branch  5 never executed (throw)
    %%%%%:   19-block  2
call    6 never executed
branch  7 never executed (fallthrough)
branch  8 never executed (throw)
    %%%%%:   19-block  3
    %%%%%:   19-block  4
call    9 never executed
call   10 never executed
    %%%%%:   19-block  5
    $$$$$:   19-block  6
call   11 never executed
    $$$$$:   19-block  7
    $$$$$:   19-block  8
call   12 never executed
        -:   20:    }
        -:   21:}
